[2025-12-17 11:04:12.569] [info] Using configuration file /home/matth/.config/waybar/config
[2025-12-17 11:04:12.572] [info] Discovered appearance 'dark'
[2025-12-17 11:04:12.593] [info] Using CSS file /home/matth/.config/waybar/style.css
[2025-12-17 11:04:12.600] [info] Hyprland IPC starting
[2025-12-17 11:04:12.601] [info] Loading persistent workspaces from Waybar config
[2025-12-17 11:04:12.601] [info] Loading persistent workspaces from Hyprland workspace rules
Fontconfig warning: using without calling FcInit()
[2025-12-17 11:04:12.755] [warning] Requested height: 5 is less than the minimum height: 27 required by the modules
[2025-12-17 11:04:12.756] [info] Bar configured (width: 2880, height: 27) for output: eDP-1
[2025-12-17 11:04:12.756] [error] Item '': No icon name or pixmap given.
[2025-12-17 11:04:12.774] [error] Item '': No icon name or pixmap given.

(waybar:165904): Gtk-CRITICAL **: 11:04:12.786: gtk_widget_set_accel_path: assertion 'GTK_IS_ACCEL_GROUP (accel_group)' failed

(waybar:165904): Gtk-CRITICAL **: 11:04:12.786: gtk_widget_add_accelerator: assertion 'GTK_IS_ACCEL_GROUP (accel_group)' failed

(waybar:165904): Gtk-CRITICAL **: 11:04:12.786: gtk_widget_set_accel_path: assertion 'GTK_IS_ACCEL_GROUP (accel_group)' failed

(waybar:165904): Gtk-CRITICAL **: 11:04:12.786: gtk_widget_add_accelerator: assertion 'GTK_IS_ACCEL_GROUP (accel_group)' failed
[2025-12-17 11:04:14.066] [info] Quitting.
[2025-12-17 11:04:14.078] [info] Hyprland IPC stopping...
[2025-12-17 11:04:16.308] [info] Using configuration file /home/matth/.config/waybar/config
[2025-12-17 11:04:16.309] [info] Discovered appearance 'dark'
[2025-12-17 11:04:16.319] [info] Using CSS file /home/matth/.config/waybar/style.css
[2025-12-17 11:04:16.324] [info] Hyprland IPC starting
[2025-12-17 11:04:16.324] [info] Loading persistent workspaces from Waybar config
[2025-12-17 11:04:16.324] [info] Loading persistent workspaces from Hyprland workspace rules
[2025-12-17 11:04:16.449] [warning] Requested height: 5 is less than the minimum height: 27 required by the modules
[2025-12-17 11:04:16.450] [info] Bar configured (width: 2880, height: 27) for output: eDP-1

(waybar:166181): Gtk-CRITICAL **: 11:04:16.464: gtk_widget_set_accel_path: assertion 'GTK_IS_ACCEL_GROUP (accel_group)' failed

(waybar:166181): Gtk-CRITICAL **: 11:04:16.464: gtk_widget_add_accelerator: assertion 'GTK_IS_ACCEL_GROUP (accel_group)' failed

(waybar:166181): Gtk-CRITICAL **: 11:04:16.465: gtk_widget_set_accel_path: assertion 'GTK_IS_ACCEL_GROUP (accel_group)' failed

(waybar:166181): Gtk-CRITICAL **: 11:04:16.465: gtk_widget_add_accelerator: assertion 'GTK_IS_ACCEL_GROUP (accel_group)' failed
[2025-12-17 11:11:50.474] [info] Hyprland config reloaded, reinitializing hyprland/workspaces module...
[2025-12-17 11:11:50.477] [info] Loading persistent workspaces from Waybar config
[2025-12-17 11:11:50.477] [info] Loading persistent workspaces from Hyprland workspace rules
[2025-12-17 11:11:51.333] [info] Reloading...
[2025-12-17 11:11:51.345] [info] Using configuration file /home/matth/.config/waybar/config
[2025-12-17 11:11:51.367] [info] Using CSS file /home/matth/.config/waybar/style.css
[2025-12-17 11:11:51.378] [info] Loading persistent workspaces from Waybar config
[2025-12-17 11:11:51.378] [info] Loading persistent workspaces from Hyprland workspace rules
[2025-12-17 11:11:51.499] [warning] Requested height: 5 is less than the minimum height: 27 required by the modules
[2025-12-17 11:11:51.499] [info] Bar configured (width: 2880, height: 27) for output: eDP-1
[2025-12-17 11:11:51.499] [error] Item '': No icon name or pixmap given.
[2025-12-17 11:11:51.511] [error] Item '': No icon name or pixmap given.

(waybar:166181): Gtk-CRITICAL **: 11:11:51.515: gtk_widget_set_accel_path: assertion 'GTK_IS_ACCEL_GROUP (accel_group)' failed

(waybar:166181): Gtk-CRITICAL **: 11:11:51.515: gtk_widget_add_accelerator: assertion 'GTK_IS_ACCEL_GROUP (accel_group)' failed

(waybar:166181): Gtk-CRITICAL **: 11:11:51.515: gtk_widget_set_accel_path: assertion 'GTK_IS_ACCEL_GROUP (accel_group)' failed

(waybar:166181): Gtk-CRITICAL **: 11:11:51.515: gtk_widget_add_accelerator: assertion 'GTK_IS_ACCEL_GROUP (accel_group)' failed

(waybar:166181): Gtk-CRITICAL **: 11:13:42.956: gtk_widget_set_accel_path: assertion 'GTK_IS_ACCEL_GROUP (accel_group)' failed

(waybar:166181): Gtk-CRITICAL **: 11:13:42.956: gtk_widget_add_accelerator: assertion 'GTK_IS_ACCEL_GROUP (accel_group)' failed

(waybar:166181): Gtk-CRITICAL **: 11:13:42.956: gtk_widget_set_accel_path: assertion 'GTK_IS_ACCEL_GROUP (accel_group)' failed

(waybar:166181): Gtk-CRITICAL **: 11:13:42.956: gtk_widget_add_accelerator: assertion 'GTK_IS_ACCEL_GROUP (accel_group)' failed

(waybar:166181): Gtk-CRITICAL **: 11:13:42.956: gtk_widget_set_accel_path: assertion 'GTK_IS_ACCEL_GROUP (accel_group)' failed

(waybar:166181): Gtk-CRITICAL **: 11:13:42.956: gtk_widget_add_accelerator: assertion 'GTK_IS_ACCEL_GROUP (accel_group)' failed

(waybar:166181): Gtk-CRITICAL **: 11:13:42.956: gtk_widget_set_accel_path: assertion 'GTK_IS_ACCEL_GROUP (accel_group)' failed

(waybar:166181): Gtk-CRITICAL **: 11:13:42.956: gtk_widget_add_accelerator: assertion 'GTK_IS_ACCEL_GROUP (accel_group)' failed

(waybar:166181): Gtk-CRITICAL **: 11:14:43.028: gtk_widget_set_accel_path: assertion 'GTK_IS_ACCEL_GROUP (accel_group)' failed

(waybar:166181): Gtk-CRITICAL **: 11:14:43.028: gtk_widget_add_accelerator: assertion 'GTK_IS_ACCEL_GROUP (accel_group)' failed

(waybar:166181): Gtk-CRITICAL **: 11:14:43.028: gtk_widget_set_accel_path: assertion 'GTK_IS_ACCEL_GROUP (accel_group)' failed

(waybar:166181): Gtk-CRITICAL **: 11:14:43.028: gtk_widget_add_accelerator: assertion 'GTK_IS_ACCEL_GROUP (accel_group)' failed

(waybar:166181): Gtk-CRITICAL **: 11:14:43.028: gtk_widget_set_accel_path: assertion 'GTK_IS_ACCEL_GROUP (accel_group)' failed

(waybar:166181): Gtk-CRITICAL **: 11:14:43.028: gtk_widget_add_accelerator: assertion 'GTK_IS_ACCEL_GROUP (accel_group)' failed

(waybar:166181): Gtk-CRITICAL **: 11:14:43.028: gtk_widget_set_accel_path: assertion 'GTK_IS_ACCEL_GROUP (accel_group)' failed

(waybar:166181): Gtk-CRITICAL **: 11:14:43.028: gtk_widget_add_accelerator: assertion 'GTK_IS_ACCEL_GROUP (accel_group)' failed

(waybar:166181): Gtk-CRITICAL **: 11:15:34.095: gtk_widget_set_accel_path: assertion 'GTK_IS_ACCEL_GROUP (accel_group)' failed

(waybar:166181): Gtk-CRITICAL **: 11:15:34.095: gtk_widget_add_accelerator: assertion 'GTK_IS_ACCEL_GROUP (accel_group)' failed

(waybar:166181): Gtk-CRITICAL **: 11:15:34.095: gtk_widget_set_accel_path: assertion 'GTK_IS_ACCEL_GROUP (accel_group)' failed

(waybar:166181): Gtk-CRITICAL **: 11:15:34.095: gtk_widget_add_accelerator: assertion 'GTK_IS_ACCEL_GROUP (accel_group)' failed

(waybar:166181): Gtk-CRITICAL **: 11:15:34.095: gtk_widget_set_accel_path: assertion 'GTK_IS_ACCEL_GROUP (accel_group)' failed

(waybar:166181): Gtk-CRITICAL **: 11:15:34.095: gtk_widget_add_accelerator: assertion 'GTK_IS_ACCEL_GROUP (accel_group)' failed

(waybar:166181): Gtk-CRITICAL **: 11:15:34.096: gtk_widget_set_accel_path: assertion 'GTK_IS_ACCEL_GROUP (accel_group)' failed

(waybar:166181): Gtk-CRITICAL **: 11:15:34.096: gtk_widget_add_accelerator: assertion 'GTK_IS_ACCEL_GROUP (accel_group)' failed
[2025-12-17 11:22:03.978] [info] Hyprland config reloaded, reinitializing hyprland/workspaces module...
[2025-12-17 11:22:03.986] [info] Loading persistent workspaces from Waybar config
[2025-12-17 11:22:03.986] [info] Loading persistent workspaces from Hyprland workspace rules
[2025-12-17 11:22:04.436] [info] Reloading...
[2025-12-17 11:22:04.444] [info] Using configuration file /home/matth/.config/waybar/config
[2025-12-17 11:22:04.455] [info] Using CSS file /home/matth/.config/waybar/style.css
[2025-12-17 11:22:04.459] [info] Loading persistent workspaces from Waybar config
[2025-12-17 11:22:04.459] [info] Loading persistent workspaces from Hyprland workspace rules
[2025-12-17 11:22:04.572] [warning] Requested height: 5 is less than the minimum height: 27 required by the modules
[2025-12-17 11:22:04.572] [info] Bar configured (width: 2880, height: 27) for output: eDP-1

(waybar:166181): Gtk-CRITICAL **: 11:22:04.583: gtk_widget_set_accel_path: assertion 'GTK_IS_ACCEL_GROUP (accel_group)' failed

(waybar:166181): Gtk-CRITICAL **: 11:22:04.583: gtk_widget_add_accelerator: assertion 'GTK_IS_ACCEL_GROUP (accel_group)' failed

(waybar:166181): Gtk-CRITICAL **: 11:22:04.583: gtk_widget_set_accel_path: assertion 'GTK_IS_ACCEL_GROUP (accel_group)' failed

(waybar:166181): Gtk-CRITICAL **: 11:22:04.583: gtk_widget_add_accelerator: assertion 'GTK_IS_ACCEL_GROUP (accel_group)' failed

(waybar:166181): LIBDBUSMENU-GLIB-WARNING **: 11:27:02.433: Unable to replace properties on 0: Error getting properties for ID

(waybar:166181): LIBDBUSMENU-GLIB-WARNING **: 11:27:02.479: Unable to replace properties on 0: Error getting properties for ID

(waybar:166181): LIBDBUSMENU-GLIB-WARNING **: 11:27:02.580: Unable to replace properties on 0: Error getting properties for ID
Lifelog daemon starting... (logging to /home/matth/lifelog/data/lifelog.log)
