1772865230.564381 client started (525443): version 3.6a, socket /run/user/1000/tmux-1000/default, protocol 8
1772865230.564402 on Linux 6.15.6 #1-NixOS SMP PREEMPT_DYNAMIC Thu Jul 10 14:08:55 UTC 2025
1772865230.564430 using libevent 2.1.12-stable poll
1772865230.564435 using utf8proc 2.11.3
1772865230.564436 using ncurses 6.6 20251230
1772865230.564447 flags are 0x18010000
1772865230.564460 socket is /run/user/1000/tmux-1000/default
1772865230.564468 trying connect
1772865230.564490 add peer 0x56020f2c3970: 6 ((nil))
1772865230.565399 sending message 111 to peer 0x56020f2c3970 (8 bytes)
1772865230.565428 sending message 111 to peer 0x56020f2c3970 (8 bytes)
1772865230.565430 sending message 101 to peer 0x56020f2c3970 (15 bytes)
1772865230.565432 sending message 109 to peer 0x56020f2c3970 (4 bytes)
1772865230.565434 sending message 102 to peer 0x56020f2c3970 (12 bytes)
1772865230.565435 sending message 108 to peer 0x56020f2c3970 (41 bytes)
1772865230.565437 sending message 112 to peer 0x56020f2c3970 (58 bytes)
1772865230.565438 sending message 112 to peer 0x56020f2c3970 (5 bytes)
1772865230.565440 sending message 112 to peer 0x56020f2c3970 (5 bytes)
1772865230.565441 sending message 112 to peer 0x56020f2c3970 (6 bytes)
1772865230.565443 sending message 112 to peer 0x56020f2c3970 (6 bytes)
1772865230.565444 sending message 112 to peer 0x56020f2c3970 (11 bytes)
1772865230.565445 sending message 112 to peer 0x56020f2c3970 (10 bytes)
1772865230.565447 sending message 112 to peer 0x56020f2c3970 (13 bytes)
1772865230.565448 sending message 112 to peer 0x56020f2c3970 (14 bytes)
1772865230.565449 sending message 112 to peer 0x56020f2c3970 (19 bytes)
1772865230.565451 sending message 112 to peer 0x56020f2c3970 (11 bytes)
1772865230.565452 sending message 112 to peer 0x56020f2c3970 (10 bytes)
1772865230.565454 sending message 112 to peer 0x56020f2c3970 (15 bytes)
1772865230.565455 sending message 112 to peer 0x56020f2c3970 (21 bytes)
1772865230.565456 sending message 112 to peer 0x56020f2c3970 (13 bytes)
1772865230.565458 sending message 112 to peer 0x56020f2c3970 (7 bytes)
1772865230.565459 sending message 112 to peer 0x56020f2c3970 (13 bytes)
1772865230.565461 sending message 112 to peer 0x56020f2c3970 (7 bytes)
1772865230.565462 sending message 112 to peer 0x56020f2c3970 (13 bytes)
1772865230.565463 sending message 112 to peer 0x56020f2c3970 (9 bytes)
1772865230.565465 sending message 112 to peer 0x56020f2c3970 (21 bytes)
1772865230.565466 sending message 112 to peer 0x56020f2c3970 (13 bytes)
1772865230.565468 sending message 112 to peer 0x56020f2c3970 (9 bytes)
1772865230.565469 sending message 112 to peer 0x56020f2c3970 (16 bytes)
1772865230.565470 sending message 112 to peer 0x56020f2c3970 (13 bytes)
1772865230.565472 sending message 112 to peer 0x56020f2c3970 (9 bytes)
1772865230.565473 sending message 112 to peer 0x56020f2c3970 (9 bytes)
1772865230.565474 sending message 112 to peer 0x56020f2c3970 (12 bytes)
1772865230.565476 sending message 112 to peer 0x56020f2c3970 (8 bytes)
1772865230.565477 sending message 112 to peer 0x56020f2c3970 (8 bytes)
1772865230.565479 sending message 112 to peer 0x56020f2c3970 (13 bytes)
1772865230.565480 sending message 112 to peer 0x56020f2c3970 (7 bytes)
1772865230.565481 sending message 112 to peer 0x56020f2c3970 (7 bytes)
1772865230.565483 sending message 112 to peer 0x56020f2c3970 (9 bytes)
1772865230.565484 sending message 112 to peer 0x56020f2c3970 (9 bytes)
1772865230.565486 sending message 112 to peer 0x56020f2c3970 (15 bytes)
1772865230.565487 sending message 112 to peer 0x56020f2c3970 (13 bytes)
1772865230.565488 sending message 112 to peer 0x56020f2c3970 (12 bytes)
1772865230.565490 sending message 112 to peer 0x56020f2c3970 (8 bytes)
1772865230.565491 sending message 112 to peer 0x56020f2c3970 (14 bytes)
1772865230.565492 sending message 112 to peer 0x56020f2c3970 (11 bytes)
1772865230.565494 sending message 112 to peer 0x56020f2c3970 (9 bytes)
1772865230.565495 sending message 112 to peer 0x56020f2c3970 (10 bytes)
1772865230.565497 sending message 112 to peer 0x56020f2c3970 (10 bytes)
1772865230.565502 sending message 112 to peer 0x56020f2c3970 (10 bytes)
1772865230.565504 sending message 112 to peer 0x56020f2c3970 (10 bytes)
1772865230.565505 sending message 112 to peer 0x56020f2c3970 (11 bytes)
1772865230.565507 sending message 112 to peer 0x56020f2c3970 (12 bytes)
1772865230.565508 sending message 112 to peer 0x56020f2c3970 (12 bytes)
1772865230.565509 sending message 112 to peer 0x56020f2c3970 (12 bytes)
1772865230.565511 sending message 112 to peer 0x56020f2c3970 (12 bytes)
1772865230.565512 sending message 112 to peer 0x56020f2c3970 (12 bytes)
1772865230.565514 sending message 112 to peer 0x56020f2c3970 (11 bytes)
1772865230.565515 sending message 112 to peer 0x56020f2c3970 (11 bytes)
1772865230.565516 sending message 112 to peer 0x56020f2c3970 (12 bytes)
1772865230.565518 sending message 112 to peer 0x56020f2c3970 (12 bytes)
1772865230.565519 sending message 112 to peer 0x56020f2c3970 (12 bytes)
1772865230.565521 sending message 112 to peer 0x56020f2c3970 (12 bytes)
1772865230.565522 sending message 112 to peer 0x56020f2c3970 (12 bytes)
1772865230.565523 sending message 112 to peer 0x56020f2c3970 (9 bytes)
1772865230.565525 sending message 112 to peer 0x56020f2c3970 (12 bytes)
1772865230.565526 sending message 112 to peer 0x56020f2c3970 (13 bytes)
1772865230.565528 sending message 112 to peer 0x56020f2c3970 (13 bytes)
1772865230.565529 sending message 112 to peer 0x56020f2c3970 (13 bytes)
1772865230.565530 sending message 112 to peer 0x56020f2c3970 (13 bytes)
1772865230.565532 sending message 112 to peer 0x56020f2c3970 (13 bytes)
1772865230.565533 sending message 112 to peer 0x56020f2c3970 (8 bytes)
1772865230.565535 sending message 112 to peer 0x56020f2c3970 (11 bytes)
1772865230.565536 sending message 112 to peer 0x56020f2c3970 (11 bytes)
1772865230.565537 sending message 112 to peer 0x56020f2c3970 (11 bytes)
1772865230.565539 sending message 112 to peer 0x56020f2c3970 (12 bytes)
1772865230.565540 sending message 112 to peer 0x56020f2c3970 (12 bytes)
1772865230.565542 sending message 112 to peer 0x56020f2c3970 (12 bytes)
1772865230.565543 sending message 112 to peer 0x56020f2c3970 (12 bytes)
1772865230.565544 sending message 112 to peer 0x56020f2c3970 (13 bytes)
1772865230.565546 sending message 112 to peer 0x56020f2c3970 (13 bytes)
1772865230.565547 sending message 112 to peer 0x56020f2c3970 (13 bytes)
1772865230.565548 sending message 112 to peer 0x56020f2c3970 (8 bytes)
1772865230.565550 sending message 112 to peer 0x56020f2c3970 (13 bytes)
1772865230.565551 sending message 112 to peer 0x56020f2c3970 (13 bytes)
1772865230.565553 sending message 112 to peer 0x56020f2c3970 (13 bytes)
1772865230.565554 sending message 112 to peer 0x56020f2c3970 (13 bytes)
1772865230.565555 sending message 112 to peer 0x56020f2c3970 (13 bytes)
1772865230.565557 sending message 112 to peer 0x56020f2c3970 (12 bytes)
1772865230.565558 sending message 112 to peer 0x56020f2c3970 (12 bytes)
1772865230.565559 sending message 112 to peer 0x56020f2c3970 (12 bytes)
1772865230.565561 sending message 112 to peer 0x56020f2c3970 (12 bytes)
1772865230.565562 sending message 112 to peer 0x56020f2c3970 (13 bytes)
1772865230.565563 sending message 112 to peer 0x56020f2c3970 (8 bytes)
1772865230.565565 sending message 112 to peer 0x56020f2c3970 (13 bytes)
1772865230.565566 sending message 112 to peer 0x56020f2c3970 (13 bytes)
1772865230.565568 sending message 112 to peer 0x56020f2c3970 (13 bytes)
1772865230.565569 sending message 112 to peer 0x56020f2c3970 (13 bytes)
1772865230.565571 sending message 112 to peer 0x56020f2c3970 (13 bytes)
1772865230.565572 sending message 112 to peer 0x56020f2c3970 (13 bytes)
1772865230.565573 sending message 112 to peer 0x56020f2c3970 (13 bytes)
1772865230.565575 sending message 112 to peer 0x56020f2c3970 (12 bytes)
1772865230.565576 sending message 112 to peer 0x56020f2c3970 (12 bytes)
1772865230.565578 sending message 112 to peer 0x56020f2c3970 (12 bytes)
1772865230.565579 sending message 112 to peer 0x56020f2c3970 (8 bytes)
1772865230.565580 sending message 112 to peer 0x56020f2c3970 (12 bytes)
1772865230.565584 sending message 112 to peer 0x56020f2c3970 (13 bytes)
1772865230.565585 sending message 112 to peer 0x56020f2c3970 (13 bytes)
1772865230.565587 sending message 112 to peer 0x56020f2c3970 (13 bytes)
1772865230.565588 sending message 112 to peer 0x56020f2c3970 (13 bytes)
1772865230.565590 sending message 112 to peer 0x56020f2c3970 (13 bytes)
1772865230.565591 sending message 112 to peer 0x56020f2c3970 (13 bytes)
1772865230.565592 sending message 112 to peer 0x56020f2c3970 (13 bytes)
1772865230.565594 sending message 112 to peer 0x56020f2c3970 (13 bytes)
1772865230.565595 sending message 112 to peer 0x56020f2c3970 (12 bytes)
1772865230.565596 sending message 112 to peer 0x56020f2c3970 (10 bytes)
1772865230.565598 sending message 112 to peer 0x56020f2c3970 (12 bytes)
1772865230.565599 sending message 112 to peer 0x56020f2c3970 (12 bytes)
1772865230.565600 sending message 112 to peer 0x56020f2c3970 (12 bytes)
1772865230.565602 sending message 112 to peer 0x56020f2c3970 (13 bytes)
1772865230.565603 sending message 112 to peer 0x56020f2c3970 (13 bytes)
1772865230.565605 sending message 112 to peer 0x56020f2c3970 (13 bytes)
1772865230.565606 sending message 112 to peer 0x56020f2c3970 (13 bytes)
1772865230.565607 sending message 112 to peer 0x56020f2c3970 (13 bytes)
1772865230.565609 sending message 112 to peer 0x56020f2c3970 (13 bytes)
1772865230.565610 sending message 112 to peer 0x56020f2c3970 (13 bytes)
1772865230.565611 sending message 112 to peer 0x56020f2c3970 (10 bytes)
1772865230.565613 sending message 112 to peer 0x56020f2c3970 (13 bytes)
1772865230.565614 sending message 112 to peer 0x56020f2c3970 (12 bytes)
1772865230.565616 sending message 112 to peer 0x56020f2c3970 (12 bytes)
1772865230.565617 sending message 112 to peer 0x56020f2c3970 (12 bytes)
1772865230.565618 sending message 112 to peer 0x56020f2c3970 (10 bytes)
1772865230.565620 sending message 112 to peer 0x56020f2c3970 (10 bytes)
1772865230.565621 sending message 112 to peer 0x56020f2c3970 (10 bytes)
1772865230.565622 sending message 112 to peer 0x56020f2c3970 (12 bytes)
1772865230.565624 sending message 112 to peer 0x56020f2c3970 (13 bytes)
1772865230.565625 sending message 112 to peer 0x56020f2c3970 (13 bytes)
1772865230.565627 sending message 112 to peer 0x56020f2c3970 (13 bytes)
1772865230.565628 sending message 112 to peer 0x56020f2c3970 (13 bytes)
1772865230.565629 sending message 112 to peer 0x56020f2c3970 (13 bytes)
1772865230.565631 sending message 112 to peer 0x56020f2c3970 (10 bytes)
1772865230.565632 sending message 112 to peer 0x56020f2c3970 (11 bytes)
1772865230.565633 sending message 112 to peer 0x56020f2c3970 (12 bytes)
1772865230.565635 sending message 112 to peer 0x56020f2c3970 (12 bytes)
1772865230.565636 sending message 112 to peer 0x56020f2c3970 (12 bytes)
1772865230.565637 sending message 112 to peer 0x56020f2c3970 (12 bytes)
1772865230.565639 sending message 112 to peer 0x56020f2c3970 (12 bytes)
1772865230.565640 sending message 112 to peer 0x56020f2c3970 (11 bytes)
1772865230.565642 sending message 112 to peer 0x56020f2c3970 (12 bytes)
1772865230.565643 sending message 112 to peer 0x56020f2c3970 (12 bytes)
1772865230.565644 sending message 112 to peer 0x56020f2c3970 (13 bytes)
1772865230.565646 sending message 112 to peer 0x56020f2c3970 (13 bytes)
1772865230.565647 sending message 112 to peer 0x56020f2c3970 (13 bytes)
1772865230.565648 sending message 112 to peer 0x56020f2c3970 (13 bytes)
1772865230.565650 sending message 112 to peer 0x56020f2c3970 (13 bytes)
1772865230.565651 sending message 112 to peer 0x56020f2c3970 (10 bytes)
1772865230.565653 sending message 112 to peer 0x56020f2c3970 (9 bytes)
1772865230.565654 sending message 112 to peer 0x56020f2c3970 (12 bytes)
1772865230.565655 sending message 112 to peer 0x56020f2c3970 (13 bytes)
1772865230.565657 sending message 112 to peer 0x56020f2c3970 (13 bytes)
1772865230.565658 sending message 112 to peer 0x56020f2c3970 (13 bytes)
1772865230.565660 sending message 112 to peer 0x56020f2c3970 (13 bytes)
1772865230.565661 sending message 112 to peer 0x56020f2c3970 (13 bytes)
1772865230.565664 sending message 112 to peer 0x56020f2c3970 (9 bytes)
1772865230.565666 sending message 112 to peer 0x56020f2c3970 (12 bytes)
1772865230.565667 sending message 112 to peer 0x56020f2c3970 (13 bytes)
1772865230.565668 sending message 112 to peer 0x56020f2c3970 (13 bytes)
1772865230.565670 sending message 112 to peer 0x56020f2c3970 (13 bytes)
1772865230.565671 sending message 112 to peer 0x56020f2c3970 (13 bytes)
1772865230.565672 sending message 112 to peer 0x56020f2c3970 (13 bytes)
1772865230.565674 sending message 112 to peer 0x56020f2c3970 (11 bytes)
1772865230.565675 sending message 112 to peer 0x56020f2c3970 (12 bytes)
1772865230.565677 sending message 112 to peer 0x56020f2c3970 (13 bytes)
1772865230.565678 sending message 112 to peer 0x56020f2c3970 (13 bytes)
1772865230.565679 sending message 112 to peer 0x56020f2c3970 (13 bytes)
1772865230.565681 sending message 112 to peer 0x56020f2c3970 (13 bytes)
1772865230.565682 sending message 112 to peer 0x56020f2c3970 (13 bytes)
1772865230.565683 sending message 112 to peer 0x56020f2c3970 (11 bytes)
1772865230.565685 sending message 112 to peer 0x56020f2c3970 (12 bytes)
1772865230.565686 sending message 112 to peer 0x56020f2c3970 (12 bytes)
1772865230.565687 sending message 112 to peer 0x56020f2c3970 (12 bytes)
1772865230.565689 sending message 112 to peer 0x56020f2c3970 (12 bytes)
1772865230.565690 sending message 112 to peer 0x56020f2c3970 (12 bytes)
1772865230.565691 sending message 112 to peer 0x56020f2c3970 (21 bytes)
1772865230.565693 sending message 112 to peer 0x56020f2c3970 (12 bytes)
1772865230.565694 sending message 112 to peer 0x56020f2c3970 (9 bytes)
1772865230.565695 sending message 112 to peer 0x56020f2c3970 (6 bytes)
1772865230.565697 sending message 112 to peer 0x56020f2c3970 (13 bytes)
1772865230.565698 sending message 112 to peer 0x56020f2c3970 (10 bytes)
1772865230.565699 sending message 112 to peer 0x56020f2c3970 (24 bytes)
1772865230.565701 sending message 112 to peer 0x56020f2c3970 (13 bytes)
1772865230.565702 sending message 112 to peer 0x56020f2c3970 (9 bytes)
1772865230.565704 sending message 112 to peer 0x56020f2c3970 (70 bytes)
1772865230.565705 sending message 112 to peer 0x56020f2c3970 (69 bytes)
1772865230.565707 sending message 112 to peer 0x56020f2c3970 (12 bytes)
1772865230.565708 sending message 112 to peer 0x56020f2c3970 (10 bytes)
1772865230.565709 sending message 112 to peer 0x56020f2c3970 (10 bytes)
1772865230.565711 sending message 112 to peer 0x56020f2c3970 (24 bytes)
1772865230.565712 sending message 112 to peer 0x56020f2c3970 (13 bytes)
1772865230.565713 sending message 112 to peer 0x56020f2c3970 (10 bytes)
1772865230.565715 sending message 112 to peer 0x56020f2c3970 (10 bytes)
1772865230.565716 sending message 112 to peer 0x56020f2c3970 (10 bytes)
1772865230.565717 sending message 112 to peer 0x56020f2c3970 (13 bytes)
1772865230.565719 sending message 112 to peer 0x56020f2c3970 (15 bytes)
1772865230.565720 sending message 112 to peer 0x56020f2c3970 (5 bytes)
1772865230.565722 sending message 104 to peer 0x56020f2c3970 (0 bytes)
1772865230.565724 sending message 110 to peer 0x56020f2c3970 (0 bytes)
1772865230.565726 sending message 107 to peer 0x56020f2c3970 (4 bytes)
1772865230.565727 sending message 105 to peer 0x56020f2c3970 (37 bytes)
1772865230.565729 sending message 105 to peer 0x56020f2c3970 (32 bytes)
1772865230.565730 sending message 105 to peer 0x56020f2c3970 (25 bytes)
1772865230.565732 sending message 105 to peer 0x56020f2c3970 (230 bytes)
1772865230.565733 sending message 105 to peer 0x56020f2c3970 (8 bytes)
1772865230.565735 sending message 105 to peer 0x56020f2c3970 (60 bytes)
1772865230.565736 sending message 105 to peer 0x56020f2c3970 (19 bytes)
1772865230.565737 sending message 105 to peer 0x56020f2c3970 (23 bytes)
1772865230.565739 sending message 105 to peer 0x56020f2c3970 (20 bytes)
1772865230.565740 sending message 105 to peer 0x56020f2c3970 (51 bytes)
1772865230.565742 sending message 105 to peer 0x56020f2c3970 (533 bytes)
1772865230.565743 sending message 105 to peer 0x56020f2c3970 (121 bytes)
1772865230.565747 sending message 105 to peer 0x56020f2c3970 (112 bytes)
1772865230.565748 sending message 105 to peer 0x56020f2c3970 (20 bytes)
1772865230.565750 sending message 105 to peer 0x56020f2c3970 (24 bytes)
1772865230.565751 sending message 105 to peer 0x56020f2c3970 (15 bytes)
1772865230.565752 sending message 105 to peer 0x56020f2c3970 (20 bytes)
1772865230.565754 sending message 105 to peer 0x56020f2c3970 (12 bytes)
1772865230.565755 sending message 105 to peer 0x56020f2c3970 (45 bytes)
1772865230.565757 sending message 105 to peer 0x56020f2c3970 (170 bytes)
1772865230.565758 sending message 105 to peer 0x56020f2c3970 (14 bytes)
1772865230.565759 sending message 105 to peer 0x56020f2c3970 (21 bytes)
1772865230.565761 sending message 105 to peer 0x56020f2c3970 (79 bytes)
1772865230.565762 sending message 105 to peer 0x56020f2c3970 (76 bytes)
1772865230.565764 sending message 105 to peer 0x56020f2c3970 (43 bytes)
1772865230.565765 sending message 105 to peer 0x56020f2c3970 (56 bytes)
1772865230.565766 sending message 105 to peer 0x56020f2c3970 (17 bytes)
1772865230.565768 sending message 105 to peer 0x56020f2c3970 (13 bytes)
1772865230.565769 sending message 105 to peer 0x56020f2c3970 (21 bytes)
1772865230.565771 sending message 105 to peer 0x56020f2c3970 (17 bytes)
1772865230.565772 sending message 105 to peer 0x56020f2c3970 (27 bytes)
1772865230.565774 sending message 105 to peer 0x56020f2c3970 (1917 bytes)
1772865230.565783 sending message 105 to peer 0x56020f2c3970 (19 bytes)
1772865230.565785 sending message 105 to peer 0x56020f2c3970 (50 bytes)
1772865230.565786 sending message 105 to peer 0x56020f2c3970 (167 bytes)
1772865230.565788 sending message 105 to peer 0x56020f2c3970 (55 bytes)
1772865230.565789 sending message 105 to peer 0x56020f2c3970 (14 bytes)
1772865230.565790 sending message 105 to peer 0x56020f2c3970 (38 bytes)
1772865230.565792 sending message 105 to peer 0x56020f2c3970 (58 bytes)
1772865230.565793 sending message 105 to peer 0x56020f2c3970 (419 bytes)
1772865230.565808 sending message 105 to peer 0x56020f2c3970 (23 bytes)
1772865230.565817 sending message 105 to peer 0x56020f2c3970 (30 bytes)
1772865230.565818 sending message 105 to peer 0x56020f2c3970 (20 bytes)
1772865230.565818 sending message 105 to peer 0x56020f2c3970 (696 bytes)
1772865230.565819 sending message 105 to peer 0x56020f2c3970 (11 bytes)
1772865230.565820 sending message 105 to peer 0x56020f2c3970 (14 bytes)
1772865230.565821 sending message 105 to peer 0x56020f2c3970 (20 bytes)
1772865230.565822 sending message 105 to peer 0x56020f2c3970 (53 bytes)
1772865230.565822 sending message 105 to peer 0x56020f2c3970 (8 bytes)
1772865230.565823 sending message 105 to peer 0x56020f2c3970 (29 bytes)
1772865230.565824 sending message 105 to peer 0x56020f2c3970 (10 bytes)
1772865230.565825 sending message 105 to peer 0x56020f2c3970 (25 bytes)
1772865230.565826 sending message 105 to peer 0x56020f2c3970 (304 bytes)
1772865230.565826 sending message 105 to peer 0x56020f2c3970 (18 bytes)
1772865230.565827 sending message 105 to peer 0x56020f2c3970 (27 bytes)
1772865230.565828 sending message 105 to peer 0x56020f2c3970 (31 bytes)
1772865230.565828 sending message 105 to peer 0x56020f2c3970 (20 bytes)
1772865230.565829 sending message 105 to peer 0x56020f2c3970 (64 bytes)
1772865230.565830 sending message 105 to peer 0x56020f2c3970 (72 bytes)
1772865230.565831 sending message 105 to peer 0x56020f2c3970 (261 bytes)
1772865230.565832 sending message 105 to peer 0x56020f2c3970 (31 bytes)
1772865230.565832 sending message 105 to peer 0x56020f2c3970 (35 bytes)
1772865230.565833 sending message 105 to peer 0x56020f2c3970 (13 bytes)
1772865230.565834 sending message 105 to peer 0x56020f2c3970 (20 bytes)
1772865230.565835 sending message 105 to peer 0x56020f2c3970 (28 bytes)
1772865230.565836 sending message 105 to peer 0x56020f2c3970 (207 bytes)
1772865230.565836 sending message 105 to peer 0x56020f2c3970 (218 bytes)
1772865230.565837 sending message 105 to peer 0x56020f2c3970 (232 bytes)
1772865230.565838 sending message 105 to peer 0x56020f2c3970 (54 bytes)
1772865230.565845 sending message 105 to peer 0x56020f2c3970 (20 bytes)
1772865230.565846 sending message 105 to peer 0x56020f2c3970 (23 bytes)
1772865230.565846 sending message 105 to peer 0x56020f2c3970 (19 bytes)
1772865230.565847 sending message 105 to peer 0x56020f2c3970 (18 bytes)
1772865230.565848 sending message 105 to peer 0x56020f2c3970 (40 bytes)
1772865230.565849 sending message 106 to peer 0x56020f2c3970 (0 bytes)
1772865230.565877 cmd_pack_argv: argv[0]=new-session
1772865230.565878 cmd_pack_argv: argv[1]=-d
1772865230.565879 sending message 200 to peer 0x56020f2c3970 (19 bytes)
1772865230.565880 client loop enter
1772865230.664482 peer 0x56020f2c3970 message 203
1772865230.664495 client loop exit
